<?xml version="1.0" encoding="UTF-8"?>
<robot generator="Robot 3.1.2 (Python 3.7.4 on darwin)" generated="20191101 10:52:01.944" rpa="false">
<suite id="s1" name="Amazon" source="/Users/timurader/PycharmProjects/robot-scripts/login/tests/amazon.robot">
<test id="s1-t1" name="User must sign in to check out">
<kw name="Open Browser" library="SeleniumLibrary">
<doc>Opens a new browser instance to the given ``url``.</doc>
<arguments>
<arg>http://localhost:8080/</arg>
<arg>chrome</arg>
</arguments>
<msg timestamp="20191101 10:52:02.127" level="INFO">Opening browser 'chrome' to base url 'http://localhost:8080/'.</msg>
<status status="PASS" starttime="20191101 10:52:02.127" endtime="20191101 10:52:04.086"></status>
</kw>
<kw name="Wait Until Page Contains" library="SeleniumLibrary">
<doc>Waits until ``text`` appears on the current page.</doc>
<arguments>
<arg>Welcome</arg>
</arguments>
<status status="PASS" starttime="20191101 10:52:04.087" endtime="20191101 10:52:04.120"></status>
</kw>
<kw name="Input Text" library="SeleniumLibrary">
<doc>Types the given ``text`` into the text field identified by ``locator``.</doc>
<arguments>
<arg>id=j_username</arg>
<arg>admin</arg>
</arguments>
<msg timestamp="20191101 10:52:04.121" level="INFO">Typing text 'admin' into text field 'id=j_username'.</msg>
<status status="PASS" starttime="20191101 10:52:04.120" endtime="20191101 10:52:04.291"></status>
</kw>
<kw name="Input Password" library="SeleniumLibrary">
<doc>Types the given password into the text field identified by ``locator``.</doc>
<arguments>
<arg>name=j_password</arg>
<arg>admin</arg>
</arguments>
<msg timestamp="20191101 10:52:04.291" level="INFO">Typing password into text field 'name=j_password'.</msg>
<status status="PASS" starttime="20191101 10:52:04.291" endtime="20191101 10:52:04.407"></status>
</kw>
<kw name="Click Button" library="SeleniumLibrary">
<doc>Clicks the button identified by ``locator``.</doc>
<arguments>
<arg>name=Submit</arg>
</arguments>
<msg timestamp="20191101 10:52:04.408" level="INFO">Clicking button 'name=Submit'.</msg>
<status status="PASS" starttime="20191101 10:52:04.407" endtime="20191101 10:52:05.856"></status>
</kw>
<kw name="Sleep" library="BuiltIn">
<doc>Pauses the test executed for the given time.</doc>
<arguments>
<arg>3s</arg>
</arguments>
<msg timestamp="20191101 10:52:08.858" level="INFO">Slept 3 seconds</msg>
<status status="PASS" starttime="20191101 10:52:05.857" endtime="20191101 10:52:08.858"></status>
</kw>
<kw name="Close Browser" library="SeleniumLibrary">
<doc>Closes the current browser.</doc>
<status status="PASS" starttime="20191101 10:52:08.858" endtime="20191101 10:52:08.984"></status>
</kw>
<doc>This is some basic info about the test</doc>
<tags>
<tag>Smoke</tag>
</tags>
<status status="PASS" starttime="20191101 10:52:02.125" endtime="20191101 10:52:08.985" critical="yes"></status>
</test>
<doc>This is some basic info about the whole suite</doc>
<status status="PASS" starttime="20191101 10:52:01.946" endtime="20191101 10:52:08.989"></status>
</suite>
<statistics>
<total>
<stat pass="1" fail="0">Critical Tests</stat>
<stat pass="1" fail="0">All Tests</stat>
</total>
<tag>
<stat pass="1" fail="0">Smoke</stat>
</tag>
<suite>
<stat pass="1" fail="0" id="s1" name="Amazon">Amazon</stat>
</suite>
</statistics>
<errors>
</errors>
</robot>
